Build started 21.02.2013 22:25:46.
     1>Project "C:\Documents and Settings\Admin\projects\lab1_cplusplus\Array(2)C++\Array(2)C++.vcxproj" on node 2 (build target(s)).
     1>InitializeBuildStatus:
         Creating "Debug\Array(2)C++.unsuccessfulbuild" because "AlwaysCreate" was specified.
       ClCompile:
         All outputs are up-to-date.
         D:\Program Files\Visual Studio устан\VC\bin\CL.exe /c /ZI /nologo /W3 /WX- /Od /Oy- /D WIN32 /D _DEBUG /D _CONSOLE /D _UNICODE /D UNICODE /Gm /EHsc /RTC1 /MDd /GS /fp:precise /Zc:wchar_t /Zc:forScope /Yu"StdAfx.h" /Fp"Debug\Array(2)C++.pch" /Fo"Debug\\" /Fd"Debug\vc100.pdb" /Gd /TP /analyze- /errorReport:prompt "Array(2)C++.cpp"
         Array(2)C++.cpp
       ManifestResourceCompile:
         All outputs are up-to-date.
       Link:
         D:\Program Files\Visual Studio устан\VC\bin\link.exe /ERRORREPORT:PROMPT /OUT:"C:\Documents and Settings\Admin\projects\lab1_cplusplus\Debug\Array(2)C++.exe" /INCREMENTAL /NOLOGO kernel32.lib user32.lib gdi32.lib winspool.lib comdlg32.lib advapi32.lib shell32.lib ole32.lib oleaut32.lib uuid.lib odbc32.lib odbccp32.lib /MANIFEST /ManifestFile:"Debug\Array(2)C++.exe.intermediate.manifest" /MANIFESTUAC:"level='asInvoker' uiAccess='false'" /DEBUG /PDB:"C:\Documents and Settings\Admin\projects\lab1_cplusplus\Debug\Array(2)C++.pdb" /SUBSYSTEM:CONSOLE /TLBID:1 /DYNAMICBASE /NXCOMPAT /IMPLIB:"C:\Documents and Settings\Admin\projects\lab1_cplusplus\Debug\Array(2)C++.lib" /MACHINE:X86 "Debug\Array(2)C++.exe.embed.manifest.res"
         "Debug\Array(2)C++.obj"
         Debug\stdafx.obj
       Manifest:
         C:\Program Files\Microsoft SDKs\Windows\v7.0A\bin\mt.exe /nologo /verbose /out:"Debug\Array(2)C++.exe.embed.manifest" /manifest "Debug\Array(2)C++.exe.intermediate.manifest"
         All outputs are up-to-date.
       LinkEmbedManifest:
         All outputs are up-to-date.
         Array(2)C++.vcxproj -> C:\Documents and Settings\Admin\projects\lab1_cplusplus\Debug\Array(2)C++.exe
       FinalizeBuildStatus:
         Deleting file "Debug\Array(2)C++.unsuccessfulbuild".
         Touching "Debug\Array(2)C++.lastbuildstate".
     1>Done Building Project "C:\Documents and Settings\Admin\projects\lab1_cplusplus\Array(2)C++\Array(2)C++.vcxproj" (build target(s)).

Build succeeded.

Time Elapsed 00:01:39.93
